#
# There is insufficient memory for the Java Runtime Environment to continue.
# Native memory allocation (malloc) failed to allocate 1045696 bytes for Chunk::new
# Possible reasons:
#   The system is out of physical RAM or swap space
#   The process is running with CompressedOops enabled, and the Java Heap may be blocking the growth of the native heap
# Possible solutions:
#   Reduce memory load on the system
#   Increase physical memory or swap space
#   Check if swap backing store is full
#   Decrease Java heap size (-Xmx/-Xms)
#   Decrease number of Java threads
#   Decrease Java thread stack sizes (-Xss)
#   Set larger code cache with -XX:ReservedCodeCacheSize=
#   JVM is running with Unscaled Compressed Oops mode in which the Java heap is
#     placed in the first 4GB address space. The Java Heap base address is the
#     maximum limit for the native heap growth. Please use -XX:HeapBaseMinAddress
#     to set the Java Heap base and to place the Java Heap above 4GB virtual address.
# This output file may be truncated or incomplete.
#
#  Out of Memory Error (c:/BuildAgent/work/5ff2f6c26000d570/src/hotspot/share/memory/arena.cpp:197), pid=12724, tid=11752
#
# JRE version: OpenJDK Runtime Environment (11.0.6+8) (build 11.0.6+8-b520.43)
# Java VM: OpenJDK 64-Bit Server VM (11.0.6+8-b520.43, mixed mode, tiered, compressed oops, g1 gc, windows-amd64)
# No core dump will be written. Minidumps are not enabled by default on client versions of Windows
#

---------------  S U M M A R Y ------------

Command Line: -XX:MaxMetaspaceSize=256m -XX:+HeapDumpOnOutOfMemoryError --add-opens=java.base/java.util=ALL-UNNAMED --add-opens=java.base/java.lang=ALL-UNNAMED --add-opens=java.base/java.lang.invoke=ALL-UNNAMED --add-opens=java.prefs/java.util.prefs=ALL-UNNAMED -Xmx512m -Dfile.encoding=windows-1257 -Duser.country=GB -Duser.language=en -Duser.variant org.gradle.launcher.daemon.bootstrap.GradleDaemon 5.2.1

Host: Intel(R) Core(TM) i5-7200U CPU @ 2.50GHz, 4 cores, 7G,  Windows 10 , 64 bit Build 18362 (10.0.18362.329)
Time: Fri Mar 27 16:43:00 2020 FLE Standard Time elapsed time: 9 seconds (0d 0h 0m 9s)

---------------  T H R E A D  ---------------

Current thread (0x000001546ad42800):  JavaThread "C2 CompilerThread1" daemon [_thread_in_native, id=11752, stack(0x0000003eb4c00000,0x0000003eb4d00000)]


Current CompileTask:
C2:   9278 3031       4       org.objectweb.asm.Frame::execute (2318 bytes)

Stack: [0x0000003eb4c00000,0x0000003eb4d00000]
Native frames: (J=compiled Java code, j=interpreted, Vv=VM code, C=native code)
V  [jvm.dll+0x5de31a]
V  [jvm.dll+0x710ae5]
V  [jvm.dll+0x712005]
V  [jvm.dll+0x7126b3]
V  [jvm.dll+0x23e3a8]
V  [jvm.dll+0xb8b5c]
V  [jvm.dll+0xb905c]
V  [jvm.dll+0x2b1ec4]
V  [jvm.dll+0x502b42]
V  [jvm.dll+0x1f931c]
V  [jvm.dll+0x1f691f]
V  [jvm.dll+0x17f76c]
V  [jvm.dll+0x204dd7]
V  [jvm.dll+0x203641]
V  [jvm.dll+0x6da98f]
V  [jvm.dll+0x6d379d]
V  [jvm.dll+0x5dd2e6]
C  [ucrtbase.dll+0x20e72]
C  [KERNEL32.DLL+0x17bd4]
C  [ntdll.dll+0x6ced1]


---------------  P R O C E S S  ---------------

Threads class SMR info:
_java_thread_list=0x000001546afc0270, length=27, elements={
0x000001544deef000, 0x0000015466e9e000, 0x0000015466e9f800, 0x0000015466efe800,
0x0000015466eff800, 0x0000015466f01800, 0x0000015466f09000, 0x0000015466f0e000,
0x00000154671b3000, 0x00000154671c1000, 0x0000015467bac800, 0x0000015468904800,
0x0000015468592800, 0x0000015468509800, 0x000001546850a800, 0x0000015468779000,
0x00000154685e3800, 0x0000015468b9d000, 0x0000015468b06000, 0x0000015468d3f000,
0x0000015468d3a800, 0x0000015468d40000, 0x0000015468d3b000, 0x0000015468d3c000,
0x0000015468d3c800, 0x0000015468d3d800, 0x000001546ad42800
}

Java Threads: ( => current thread )
  0x000001544deef000 JavaThread "main" [_thread_blocked, id=24400, stack(0x0000003eb2800000,0x0000003eb2900000)]
  0x0000015466e9e000 JavaThread "Reference Handler" daemon [_thread_blocked, id=1288, stack(0x0000003eb2f00000,0x0000003eb3000000)]
  0x0000015466e9f800 JavaThread "Finalizer" daemon [_thread_blocked, id=12700, stack(0x0000003eb3000000,0x0000003eb3100000)]
  0x0000015466efe800 JavaThread "Signal Dispatcher" daemon [_thread_blocked, id=21836, stack(0x0000003eb3100000,0x0000003eb3200000)]
  0x0000015466eff800 JavaThread "Attach Listener" daemon [_thread_blocked, id=25628, stack(0x0000003eb3200000,0x0000003eb3300000)]
  0x0000015466f01800 JavaThread "C2 CompilerThread0" daemon [_thread_in_native, id=19852, stack(0x0000003eb3300000,0x0000003eb3400000)]
  0x0000015466f09000 JavaThread "C1 CompilerThread0" daemon [_thread_in_vm, id=21324, stack(0x0000003eb3400000,0x0000003eb3500000)]
  0x0000015466f0e000 JavaThread "Sweeper thread" daemon [_thread_blocked, id=23356, stack(0x0000003eb3500000,0x0000003eb3600000)]
  0x00000154671b3000 JavaThread "Common-Cleaner" daemon [_thread_blocked, id=11452, stack(0x0000003eb3600000,0x0000003eb3700000)]
  0x00000154671c1000 JavaThread "Service Thread" daemon [_thread_blocked, id=6388, stack(0x0000003eb3700000,0x0000003eb3800000)]
  0x0000015467bac800 JavaThread "Incoming local TCP Connector on port 60939" [_thread_in_native, id=18400, stack(0x0000003eb3b00000,0x0000003eb3c00000)]
  0x0000015468904800 JavaThread "Daemon periodic checks" [_thread_blocked, id=7800, stack(0x0000003eb3c00000,0x0000003eb3d00000)]
  0x0000015468592800 JavaThread "Daemon" [_thread_blocked, id=12156, stack(0x0000003eb3d00000,0x0000003eb3e00000)]
  0x0000015468509800 JavaThread "Handler for socket connection from /127.0.0.1:60939 to /127.0.0.1:60940" [_thread_in_native, id=1996, stack(0x0000003eb3e00000,0x0000003eb3f00000)]
  0x000001546850a800 JavaThread "Cancel handler" [_thread_blocked, id=1520, stack(0x0000003eb3f00000,0x0000003eb4000000)]
  0x0000015468779000 JavaThread "Daemon worker" [_thread_in_vm, id=25028, stack(0x0000003eb4000000,0x0000003eb4100000)]
  0x00000154685e3800 JavaThread "Asynchronous log dispatcher for DefaultDaemonConnection: socket connection from /127.0.0.1:60939 to /127.0.0.1:60940" [_thread_blocked, id=26664, stack(0x0000003eb4100000,0x0000003eb4200000)]
  0x0000015468b9d000 JavaThread "Stdin handler" [_thread_blocked, id=7104, stack(0x0000003eb4200000,0x0000003eb4300000)]
  0x0000015468b06000 JavaThread "Thread-7" [_thread_blocked, id=27552, stack(0x0000003eb4300000,0x0000003eb4400000)]
  0x0000015468d3f000 JavaThread "Cache worker for file hash cache (C:\Users\Arsenij\.gradle\caches\5.2.1\fileHashes)" [_thread_blocked, id=21800, stack(0x0000003eb4400000,0x0000003eb4500000)]
  0x0000015468d3a800 JavaThread "File lock request listener" [_thread_in_native, id=15492, stack(0x0000003eb4500000,0x0000003eb4600000)]
  0x0000015468d40000 JavaThread "Cache worker for journal cache (C:\Users\Arsenij\.gradle\caches\journal-1)" [_thread_blocked, id=24392, stack(0x0000003eb4600000,0x0000003eb4700000)]
  0x0000015468d3b000 JavaThread "Cache worker for file hash cache (C:\Users\Arsenij\IdeaProjects\it-academy-app-back\.gradle\5.2.1\fileHashes)" [_thread_blocked, id=12496, stack(0x0000003eb4900000,0x0000003eb4a00000)]
  0x0000015468d3c000 JavaThread "Cache worker for cache directory md-supplier (C:\Users\Arsenij\.gradle\caches\5.2.1\md-supplier)" [_thread_blocked, id=13512, stack(0x0000003eb4800000,0x0000003eb4900000)]
  0x0000015468d3c800 JavaThread "Cache worker for cache directory md-rule (C:\Users\Arsenij\.gradle\caches\5.2.1\md-rule)" [_thread_blocked, id=11184, stack(0x0000003eb4a00000,0x0000003eb4b00000)]
  0x0000015468d3d800 JavaThread "Cache worker for execution history cache (C:\Users\Arsenij\.gradle\caches\5.2.1\executionHistory)" [_thread_blocked, id=18776, stack(0x0000003eb4b00000,0x0000003eb4c00000)]
=>0x000001546ad42800 JavaThread "C2 CompilerThread1" daemon [_thread_in_native, id=11752, stack(0x0000003eb4c00000,0x0000003eb4d00000)]

Other Threads:
  0x0000015466e77000 VMThread "VM Thread" [stack: 0x0000003eb2e00000,0x0000003eb2f00000] [id=20040]
  0x00000154671c4000 WatcherThread [stack: 0x0000003eb3800000,0x0000003eb3900000] [id=25232]
  0x000001544df09000 GCTaskThread "GC Thread#0" [stack: 0x0000003eb2900000,0x0000003eb2a00000] [id=19708]
  0x0000015467922800 GCTaskThread "GC Thread#1" [stack: 0x0000003eb3900000,0x0000003eb3a00000] [id=15648]
  0x0000015467936000 GCTaskThread "GC Thread#2" [stack: 0x0000003eb3a00000,0x0000003eb3b00000] [id=1564]
  0x0000015468e0a000 GCTaskThread "GC Thread#3" [stack: 0x0000003eb4700000,0x0000003eb4800000] [id=10512]
  0x000001544df19800 ConcurrentGCThread "G1 Main Marker" [stack: 0x0000003eb2a00000,0x0000003eb2b00000] [id=25156]
  0x000001544df1b000 ConcurrentGCThread "G1 Conc#0" [stack: 0x0000003eb2b00000,0x0000003eb2c00000] [id=17924]
  0x000001544dfa2800 ConcurrentGCThread "G1 Refine#0" [stack: 0x0000003eb2c00000,0x0000003eb2d00000] [id=26812]
  0x000001544dfa3800 ConcurrentGCThread "G1 Young RemSet Sampling" [stack: 0x0000003eb2d00000,0x0000003eb2e00000] [id=2444]

Threads with active compile tasks:
C2 CompilerThread0   9320 2960       4       groovy.lang.MetaClassImpl$1MOPIter::methodNameAction (325 bytes)
C1 CompilerThread0   9320 3108       3       java.util.Hashtable$EntrySet::iterator (9 bytes)
C2 CompilerThread1   9320 3031       4       org.objectweb.asm.Frame::execute (2318 bytes)

VM state:not at safepoint (normal execution)

VM Mutex/Monitor currently owned by a thread: None

Heap address: 0x00000000e0000000, size: 512 MB, Compressed Oops mode: 32-bit
Narrow klass base: 0x0000000000000000, Narrow klass shift: 3
Compressed class space size: 260046848 Address: 0x0000000100000000

Heap:
 garbage-first heap   total 129024K, used 71085K [0x00000000e0000000, 0x0000000100000000)
  region size 1024K, 43 young (44032K), 2 survivors (2048K)
 Metaspace       used 38111K, capacity 38984K, committed 39168K, reserved 288768K
  class space    used 4803K, capacity 5073K, committed 5120K, reserved 253952K
Heap Regions: E=young(eden), S=young(survivor), O=old, HS=humongous(starts), HC=humongous(continues), CS=collection set, F=free, A=archive, TAMS=top-at-mark-start (previous, next)
|   0|0x00000000e0000000, 0x00000000e0100000, 0x00000000e0100000|100%|HS|  |TAMS 0x00000000e0100000, 0x00000000e0000000| Complete 
|   1|0x00000000e0100000, 0x00000000e0200000, 0x00000000e0200000|100%|HS|  |TAMS 0x00000000e0200000, 0x00000000e0100000| Complete 
|   2|0x00000000e0200000, 0x00000000e0300000, 0x00000000e0300000|100%|HC|  |TAMS 0x00000000e0300000, 0x00000000e0200000| Complete 
|   3|0x00000000e0300000, 0x00000000e0400000, 0x00000000e0400000|100%| O|  |TAMS 0x00000000e0400000, 0x00000000e0300000| Untracked 
|   4|0x00000000e0400000, 0x00000000e0500000, 0x00000000e0500000|100%| O|  |TAMS 0x00000000e0500000, 0x00000000e0400000| Untracked 
|   5|0x00000000e0500000, 0x00000000e0600000, 0x00000000e0600000|100%| O|  |TAMS 0x00000000e0600000, 0x00000000e0500000| Untracked 
|   6|0x00000000e0600000, 0x00000000e0700000, 0x00000000e0700000|100%| O|  |TAMS 0x00000000e0700000, 0x00000000e0600000| Untracked 
|   7|0x00000000e0700000, 0x00000000e0800000, 0x00000000e0800000|100%| O|  |TAMS 0x00000000e0800000, 0x00000000e0700000| Untracked 
|   8|0x00000000e0800000, 0x00000000e0900000, 0x00000000e0900000|100%| O|  |TAMS 0x00000000e0900000, 0x00000000e0800000| Untracked 
|   9|0x00000000e0900000, 0x00000000e0a00000, 0x00000000e0a00000|100%| O|  |TAMS 0x00000000e0a00000, 0x00000000e0900000| Untracked 
|  10|0x00000000e0a00000, 0x00000000e0b00000, 0x00000000e0b00000|100%| O|  |TAMS 0x00000000e0b00000, 0x00000000e0a00000| Untracked 
|  11|0x00000000e0b00000, 0x00000000e0c00000, 0x00000000e0c00000|100%| O|  |TAMS 0x00000000e0c00000, 0x00000000e0b00000| Untracked 
|  12|0x00000000e0c00000, 0x00000000e0d00000, 0x00000000e0d00000|100%|HS|  |TAMS 0x00000000e0d00000, 0x00000000e0c00000| Complete 
|  13|0x00000000e0d00000, 0x00000000e0e00000, 0x00000000e0e00000|100%|HC|  |TAMS 0x00000000e0e00000, 0x00000000e0d00000| Complete 
|  14|0x00000000e0e00000, 0x00000000e0f00000, 0x00000000e0f00000|100%|HS|  |TAMS 0x00000000e0f00000, 0x00000000e0e00000| Complete 
|  15|0x00000000e0f00000, 0x00000000e1000000, 0x00000000e1000000|100%|HC|  |TAMS 0x00000000e1000000, 0x00000000e0f00000| Complete 
|  16|0x00000000e1000000, 0x00000000e1100000, 0x00000000e1100000|100%|HC|  |TAMS 0x00000000e1100000, 0x00000000e1000000| Complete 
|  17|0x00000000e1100000, 0x00000000e1200000, 0x00000000e1200000|100%|HS|  |TAMS 0x00000000e1200000, 0x00000000e1100000| Complete 
|  18|0x00000000e1200000, 0x00000000e1300000, 0x00000000e1300000|100%|HC|  |TAMS 0x00000000e1300000, 0x00000000e1200000| Complete 
|  19|0x00000000e1300000, 0x00000000e1400000, 0x00000000e1400000|100%|HC|  |TAMS 0x00000000e1400000, 0x00000000e1300000| Complete 
|  20|0x00000000e1400000, 0x00000000e1500000, 0x00000000e1500000|100%|HC|  |TAMS 0x00000000e1500000, 0x00000000e1400000| Complete 
|  21|0x00000000e1500000, 0x00000000e1600000, 0x00000000e1600000|100%| O|  |TAMS 0x00000000e1600000, 0x00000000e1500000| Untracked 
|  22|0x00000000e1600000, 0x00000000e1600000, 0x00000000e1700000|  0%| F|  |TAMS 0x00000000e1600000, 0x00000000e1600000| Untracked 
|  23|0x00000000e1700000, 0x00000000e1700000, 0x00000000e1800000|  0%| F|  |TAMS 0x00000000e1700000, 0x00000000e1700000| Untracked 
|  24|0x00000000e1800000, 0x00000000e1800000, 0x00000000e1900000|  0%| F|  |TAMS 0x00000000e1800000, 0x00000000e1800000| Untracked 
|  25|0x00000000e1900000, 0x00000000e1a00000, 0x00000000e1a00000|100%| O|  |TAMS 0x00000000e1a00000, 0x00000000e1900000| Untracked 
|  26|0x00000000e1a00000, 0x00000000e1b00000, 0x00000000e1b00000|100%| O|  |TAMS 0x00000000e1b00000, 0x00000000e1a00000| Untracked 
|  27|0x00000000e1b00000, 0x00000000e1c00000, 0x00000000e1c00000|100%| O|  |TAMS 0x00000000e1c00000, 0x00000000e1b00000| Untracked 
|  28|0x00000000e1c00000, 0x00000000e1d00000, 0x00000000e1d00000|100%| O|  |TAMS 0x00000000e1d00000, 0x00000000e1c00000| Untracked 
|  29|0x00000000e1d00000, 0x00000000e1e00000, 0x00000000e1e00000|100%| O|  |TAMS 0x00000000e1e00000, 0x00000000e1d00000| Untracked 
|  30|0x00000000e1e00000, 0x00000000e1f00000, 0x00000000e1f00000|100%| O|  |TAMS 0x00000000e1f00000, 0x00000000e1e00000| Untracked 
|  31|0x00000000e1f00000, 0x00000000e1fa7e08, 0x00000000e2000000| 65%| O|  |TAMS 0x00000000e1fa7e08, 0x00000000e1f00000| Untracked 
|  32|0x00000000e2000000, 0x00000000e2000000, 0x00000000e2100000|  0%| F|  |TAMS 0x00000000e2000000, 0x00000000e2000000| Untracked 
|  33|0x00000000e2100000, 0x00000000e2100000, 0x00000000e2200000|  0%| F|  |TAMS 0x00000000e2100000, 0x00000000e2100000| Untracked 
|  34|0x00000000e2200000, 0x00000000e2200000, 0x00000000e2300000|  0%| F|  |TAMS 0x00000000e2200000, 0x00000000e2200000| Untracked 
|  35|0x00000000e2300000, 0x00000000e2300000, 0x00000000e2400000|  0%| F|  |TAMS 0x00000000e2300000, 0x00000000e2300000| Untracked 
|  36|0x00000000e2400000, 0x00000000e2400000, 0x00000000e2500000|  0%| F|  |TAMS 0x00000000e2400000, 0x00000000e2400000| Untracked 
|  37|0x00000000e2500000, 0x00000000e2500000, 0x00000000e2600000|  0%| F|  |TAMS 0x00000000e2500000, 0x00000000e2500000| Untracked 
|  38|0x00000000e2600000, 0x00000000e2600000, 0x00000000e2700000|  0%| F|  |TAMS 0x00000000e2600000, 0x00000000e2600000| Untracked 
|  39|0x00000000e2700000, 0x00000000e2700000, 0x00000000e2800000|  0%| F|  |TAMS 0x00000000e2700000, 0x00000000e2700000| Untracked 
|  40|0x00000000e2800000, 0x00000000e2800000, 0x00000000e2900000|  0%| F|  |TAMS 0x00000000e2800000, 0x00000000e2800000| Untracked 
|  41|0x00000000e2900000, 0x00000000e2900000, 0x00000000e2a00000|  0%| F|  |TAMS 0x00000000e2900000, 0x00000000e2900000| Untracked 
|  42|0x00000000e2a00000, 0x00000000e2a00000, 0x00000000e2b00000|  0%| F|  |TAMS 0x00000000e2a00000, 0x00000000e2a00000| Untracked 
|  43|0x00000000e2b00000, 0x00000000e2b00000, 0x00000000e2c00000|  0%| F|  |TAMS 0x00000000e2b00000, 0x00000000e2b00000| Untracked 
|  44|0x00000000e2c00000, 0x00000000e2c00000, 0x00000000e2d00000|  0%| F|  |TAMS 0x00000000e2c00000, 0x00000000e2c00000| Untracked 
|  45|0x00000000e2d00000, 0x00000000e2d00000, 0x00000000e2e00000|  0%| F|  |TAMS 0x00000000e2d00000, 0x00000000e2d00000| Untracked 
|  46|0x00000000e2e00000, 0x00000000e2e00000, 0x00000000e2f00000|  0%| F|  |TAMS 0x00000000e2e00000, 0x00000000e2e00000| Untracked 
|  47|0x00000000e2f00000, 0x00000000e2f00000, 0x00000000e3000000|  0%| F|  |TAMS 0x00000000e2f00000, 0x00000000e2f00000| Untracked 
|  48|0x00000000e3000000, 0x00000000e3000000, 0x00000000e3100000|  0%| F|  |TAMS 0x00000000e3000000, 0x00000000e3000000| Untracked 
|  49|0x00000000e3100000, 0x00000000e3100000, 0x00000000e3200000|  0%| F|  |TAMS 0x00000000e3100000, 0x00000000e3100000| Untracked 
|  50|0x00000000e3200000, 0x00000000e3200000, 0x00000000e3300000|  0%| F|  |TAMS 0x00000000e3200000, 0x00000000e3200000| Untracked 
|  51|0x00000000e3300000, 0x00000000e3300000, 0x00000000e3400000|  0%| F|  |TAMS 0x00000000e3300000, 0x00000000e3300000| Untracked 
|  52|0x00000000e3400000, 0x00000000e3400000, 0x00000000e3500000|  0%| F|  |TAMS 0x00000000e3400000, 0x00000000e3400000| Untracked 
|  53|0x00000000e3500000, 0x00000000e3500000, 0x00000000e3600000|  0%| F|  |TAMS 0x00000000e3500000, 0x00000000e3500000| Untracked 
|  54|0x00000000e3600000, 0x00000000e3600000, 0x00000000e3700000|  0%| F|  |TAMS 0x00000000e3600000, 0x00000000e3600000| Untracked 
|  55|0x00000000e3700000, 0x00000000e3700000, 0x00000000e3800000|  0%| F|  |TAMS 0x00000000e3700000, 0x00000000e3700000| Untracked 
|  56|0x00000000e3800000, 0x00000000e3800000, 0x00000000e3900000|  0%| F|  |TAMS 0x00000000e3800000, 0x00000000e3800000| Untracked 
|  57|0x00000000e3900000, 0x00000000e3900000, 0x00000000e3a00000|  0%| F|  |TAMS 0x00000000e3900000, 0x00000000e3900000| Untracked 
|  58|0x00000000e3a00000, 0x00000000e3a00000, 0x00000000e3b00000|  0%| F|  |TAMS 0x00000000e3a00000, 0x00000000e3a00000| Untracked 
|  59|0x00000000e3b00000, 0x00000000e3b00000, 0x00000000e3c00000|  0%| F|  |TAMS 0x00000000e3b00000, 0x00000000e3b00000| Untracked 
|  60|0x00000000e3c00000, 0x00000000e3c00000, 0x00000000e3d00000|  0%| F|  |TAMS 0x00000000e3c00000, 0x00000000e3c00000| Untracked 
|  61|0x00000000e3d00000, 0x00000000e3d00000, 0x00000000e3e00000|  0%| F|  |TAMS 0x00000000e3d00000, 0x00000000e3d00000| Untracked 
|  62|0x00000000e3e00000, 0x00000000e3e00000, 0x00000000e3f00000|  0%| F|  |TAMS 0x00000000e3e00000, 0x00000000e3e00000| Untracked 
|  63|0x00000000e3f00000, 0x00000000e3f00000, 0x00000000e4000000|  0%| F|  |TAMS 0x00000000e3f00000, 0x00000000e3f00000| Untracked 
|  64|0x00000000e4000000, 0x00000000e4000000, 0x00000000e4100000|  0%| F|  |TAMS 0x00000000e4000000, 0x00000000e4000000| Untracked 
|  65|0x00000000e4100000, 0x00000000e4100000, 0x00000000e4200000|  0%| F|  |TAMS 0x00000000e4100000, 0x00000000e4100000| Untracked 
|  66|0x00000000e4200000, 0x00000000e4200000, 0x00000000e4300000|  0%| F|  |TAMS 0x00000000e4200000, 0x00000000e4200000| Untracked 
|  67|0x00000000e4300000, 0x00000000e4300000, 0x00000000e4400000|  0%| F|  |TAMS 0x00000000e4300000, 0x00000000e4300000| Untracked 
|  68|0x00000000e4400000, 0x00000000e4400000, 0x00000000e4500000|  0%| F|  |TAMS 0x00000000e4400000, 0x00000000e4400000| Untracked 
|  69|0x00000000e4500000, 0x00000000e4500000, 0x00000000e4600000|  0%| F|  |TAMS 0x00000000e4500000, 0x00000000e4500000| Untracked 
|  70|0x00000000e4600000, 0x00000000e4600000, 0x00000000e4700000|  0%| F|  |TAMS 0x00000000e4600000, 0x00000000e4600000| Untracked 
|  71|0x00000000e4700000, 0x00000000e4700000, 0x00000000e4800000|  0%| F|  |TAMS 0x00000000e4700000, 0x00000000e4700000| Untracked 
|  72|0x00000000e4800000, 0x00000000e4800000, 0x00000000e4900000|  0%| F|  |TAMS 0x00000000e4800000, 0x00000000e4800000| Untracked 
|  73|0x00000000e4900000, 0x00000000e4900000, 0x00000000e4a00000|  0%| F|  |TAMS 0x00000000e4900000, 0x00000000e4900000| Untracked 
|  74|0x00000000e4a00000, 0x00000000e4a00000, 0x00000000e4b00000|  0%| F|  |TAMS 0x00000000e4a00000, 0x00000000e4a00000| Untracked 
|  75|0x00000000e4b00000, 0x00000000e4b00000, 0x00000000e4c00000|  0%| F|  |TAMS 0x00000000e4b00000, 0x00000000e4b00000| Untracked 
|  76|0x00000000e4c00000, 0x00000000e4c00000, 0x00000000e4d00000|  0%| F|  |TAMS 0x00000000e4c00000, 0x00000000e4c00000| Untracked 
|  77|0x00000000e4d00000, 0x00000000e4d00000, 0x00000000e4e00000|  0%| F|  |TAMS 0x00000000e4d00000, 0x00000000e4d00000| Untracked 
|  78|0x00000000e4e00000, 0x00000000e4e00000, 0x00000000e4f00000|  0%| F|  |TAMS 0x00000000e4e00000, 0x00000000e4e00000| Untracked 
|  79|0x00000000e4f00000, 0x00000000e4f00000, 0x00000000e5000000|  0%| F|  |TAMS 0x00000000e4f00000, 0x00000000e4f00000| Untracked 
|  80|0x00000000e5000000, 0x00000000e5000000, 0x00000000e5100000|  0%| F|  |TAMS 0x00000000e5000000, 0x00000000e5000000| Untracked 
|  81|0x00000000e5100000, 0x00000000e5100000, 0x00000000e5200000|  0%| F|  |TAMS 0x00000000e5100000, 0x00000000e5100000| Untracked 
|  82|0x00000000e5200000, 0x00000000e5200000, 0x00000000e5300000|  0%| F|  |TAMS 0x00000000e5200000, 0x00000000e5200000| Untracked 
|  83|0x00000000e5300000, 0x00000000e53c39c0, 0x00000000e5400000| 76%| S|CS|TAMS 0x00000000e5300000, 0x00000000e5300000| Complete 
|  84|0x00000000e5400000, 0x00000000e5500000, 0x00000000e5500000|100%| S|CS|TAMS 0x00000000e5400000, 0x00000000e5400000| Complete 
|  85|0x00000000e5500000, 0x00000000e5580800, 0x00000000e5600000| 50%| E|  |TAMS 0x00000000e5500000, 0x00000000e5500000| Complete 
|  86|0x00000000e5600000, 0x00000000e5700000, 0x00000000e5700000|100%| E|CS|TAMS 0x00000000e5600000, 0x00000000e5600000| Complete 
|  87|0x00000000e5700000, 0x00000000e5800000, 0x00000000e5800000|100%| E|CS|TAMS 0x00000000e5700000, 0x00000000e5700000| Complete 
|  88|0x00000000e5800000, 0x00000000e5900000, 0x00000000e5900000|100%| E|CS|TAMS 0x00000000e5800000, 0x00000000e5800000| Complete 
|  89|0x00000000e5900000, 0x00000000e5a00000, 0x00000000e5a00000|100%| E|CS|TAMS 0x00000000e5900000, 0x00000000e5900000| Complete 
|  90|0x00000000e5a00000, 0x00000000e5b00000, 0x00000000e5b00000|100%| E|CS|TAMS 0x00000000e5a00000, 0x00000000e5a00000| Complete 
|  91|0x00000000e5b00000, 0x00000000e5c00000, 0x00000000e5c00000|100%| E|CS|TAMS 0x00000000e5b00000, 0x00000000e5b00000| Complete 
|  92|0x00000000e5c00000, 0x00000000e5d00000, 0x00000000e5d00000|100%| E|CS|TAMS 0x00000000e5c00000, 0x00000000e5c00000| Complete 
|  93|0x00000000e5d00000, 0x00000000e5e00000, 0x00000000e5e00000|100%| E|CS|TAMS 0x00000000e5d00000, 0x00000000e5d00000| Complete 
|  94|0x00000000e5e00000, 0x00000000e5f00000, 0x00000000e5f00000|100%| E|CS|TAMS 0x00000000e5e00000, 0x00000000e5e00000| Complete 
|  95|0x00000000e5f00000, 0x00000000e6000000, 0x00000000e6000000|100%| E|CS|TAMS 0x00000000e5f00000, 0x00000000e5f00000| Complete 
|  96|0x00000000e6000000, 0x00000000e6100000, 0x00000000e6100000|100%| E|CS|TAMS 0x00000000e6000000, 0x00000000e6000000| Complete 
|  97|0x00000000e6100000, 0x00000000e6200000, 0x00000000e6200000|100%| E|CS|TAMS 0x00000000e6100000, 0x00000000e6100000| Complete 
|  98|0x00000000e6200000, 0x00000000e6300000, 0x00000000e6300000|100%| E|CS|TAMS 0x00000000e6200000, 0x00000000e6200000| Complete 
|  99|0x00000000e6300000, 0x00000000e6400000, 0x00000000e6400000|100%| E|CS|TAMS 0x00000000e6300000, 0x00000000e6300000| Complete 
| 100|0x00000000e6400000, 0x00000000e6500000, 0x00000000e6500000|100%| E|CS|TAMS 0x00000000e6400000, 0x00000000e6400000| Complete 
| 101|0x00000000e6500000, 0x00000000e6600000, 0x00000000e6600000|100%| E|CS|TAMS 0x00000000e6500000, 0x00000000e6500000| Complete 
| 102|0x00000000e6600000, 0x00000000e6700000, 0x00000000e6700000|100%| E|CS|TAMS 0x00000000e6600000, 0x00000000e6600000| Complete 
| 103|0x00000000e6700000, 0x00000000e6800000, 0x00000000e6800000|100%| E|CS|TAMS 0x00000000e6700000, 0x00000000e6700000| Complete 
| 104|0x00000000e6800000, 0x00000000e6900000, 0x00000000e6900000|100%| E|CS|TAMS 0x00000000e6800000, 0x00000000e6800000| Complete 
| 105|0x00000000e6900000, 0x00000000e6a00000, 0x00000000e6a00000|100%| E|CS|TAMS 0x00000000e6900000, 0x00000000e6900000| Complete 
| 106|0x00000000e6a00000, 0x00000000e6b00000, 0x00000000e6b00000|100%| E|CS|TAMS 0x00000000e6a00000, 0x00000000e6a00000| Complete 
| 107|0x00000000e6b00000, 0x00000000e6c00000, 0x00000000e6c00000|100%| E|  |TAMS 0x00000000e6b00000, 0x00000000e6b00000| Complete 
| 108|0x00000000e6c00000, 0x00000000e6d00000, 0x00000000e6d00000|100%| E|CS|TAMS 0x00000000e6c00000, 0x00000000e6c00000| Complete 
| 109|0x00000000e6d00000, 0x00000000e6e00000, 0x00000000e6e00000|100%| E|CS|TAMS 0x00000000e6d00000, 0x00000000e6d00000| Complete 
| 110|0x00000000e6e00000, 0x00000000e6f00000, 0x00000000e6f00000|100%| E|CS|TAMS 0x00000000e6e00000, 0x00000000e6e00000| Complete 
| 111|0x00000000e6f00000, 0x00000000e7000000, 0x00000000e7000000|100%| E|CS|TAMS 0x00000000e6f00000, 0x00000000e6f00000| Complete 
| 112|0x00000000e7000000, 0x00000000e7100000, 0x00000000e7100000|100%| E|CS|TAMS 0x00000000e7000000, 0x00000000e7000000| Complete 
| 113|0x00000000e7100000, 0x00000000e7200000, 0x00000000e7200000|100%| E|CS|TAMS 0x00000000e7100000, 0x00000000e7100000| Complete 
| 114|0x00000000e7200000, 0x00000000e7300000, 0x00000000e7300000|100%| E|CS|TAMS 0x00000000e7200000, 0x00000000e7200000| Complete 
| 115|0x00000000e7300000, 0x00000000e7400000, 0x00000000e7400000|100%| E|CS|TAMS 0x00000000e7300000, 0x00000000e7300000| Complete 
| 116|0x00000000e7400000, 0x00000000e7500000, 0x00000000e7500000|100%| E|CS|TAMS 0x00000000e7400000, 0x00000000e7400000| Complete 
| 117|0x00000000e7500000, 0x00000000e7600000, 0x00000000e7600000|100%| E|CS|TAMS 0x00000000e7500000, 0x00000000e7500000| Complete 
| 118|0x00000000e7600000, 0x00000000e7700000, 0x00000000e7700000|100%| E|CS|TAMS 0x00000000e7600000, 0x00000000e7600000| Complete 
| 119|0x00000000e7700000, 0x00000000e7800000, 0x00000000e7800000|100%| E|CS|TAMS 0x00000000e7700000, 0x00000000e7700000| Complete 
| 120|0x00000000e7800000, 0x00000000e7900000, 0x00000000e7900000|100%| E|CS|TAMS 0x00000000e7800000, 0x00000000e7800000| Complete 
| 121|0x00000000e7900000, 0x00000000e7a00000, 0x00000000e7a00000|100%| E|CS|TAMS 0x00000000e7900000, 0x00000000e7900000| Complete 
| 122|0x00000000e7a00000, 0x00000000e7b00000, 0x00000000e7b00000|100%| E|CS|TAMS 0x00000000e7a00000, 0x00000000e7a00000| Complete 
| 123|0x00000000e7b00000, 0x00000000e7c00000, 0x00000000e7c00000|100%| E|CS|TAMS 0x00000000e7b00000, 0x00000000e7b00000| Complete 
| 124|0x00000000e7c00000, 0x00000000e7d00000, 0x00000000e7d00000|100%| E|CS|TAMS 0x00000000e7c00000, 0x00000000e7c00000| Complete 
| 125|0x00000000e7d00000, 0x00000000e7e00000, 0x00000000e7e00000|100%| E|CS|TAMS 0x00000000e7d00000, 0x00000000e7d00000| Complete 

Card table byte_map: [0x0000015462ed0000,0x0000015462fd0000] _byte_map_base: 0x00000154627d0000

Marking Bits (Prev, Next): (CMBitMap*) 0x000001544df16ad8, (CMBitMap*) 0x000001544df16b10
 Prev Bits: [0x00000154630d0000, 0x00000154638d0000)
 Next Bits: [0x00000154638d0000, 0x00000154640d0000)

Polling page: 0x000001544dfc0000

Metaspace:

Usage:
  Non-class:     33.12 MB capacity,    32.54 MB ( 98%) used,   535.30 KB (  2%) free+waste,    58.44 KB ( <1%) overhead. 
      Class:      4.95 MB capacity,     4.69 MB ( 95%) used,   242.64 KB (  5%) free+waste,    26.69 KB ( <1%) overhead. 
       Both:     38.07 MB capacity,    37.23 MB ( 98%) used,   777.95 KB (  2%) free+waste,    85.13 KB ( <1%) overhead. 

Virtual space:
  Non-class space:       34.00 MB reserved,      33.25 MB ( 98%) committed 
      Class space:      248.00 MB reserved,       5.00 MB (  2%) committed 
             Both:      282.00 MB reserved,      38.25 MB ( 14%) committed 

Chunk freelists:
   Non-Class:  9.00 KB
       Class:  15.00 KB
        Both:  24.00 KB

MaxMetaspaceSize: 256.00 MB
CompressedClassSpaceSize: 248.00 MB

CodeHeap 'non-profiled nmethods': size=120064Kb used=1414Kb max_used=1414Kb free=118649Kb
 bounds [0x000001545b250000, 0x000001545b4c0000, 0x0000015462790000]
CodeHeap 'profiled nmethods': size=120000Kb used=6316Kb max_used=6316Kb free=113683Kb
 bounds [0x0000015453d20000, 0x0000015454350000, 0x000001545b250000]
CodeHeap 'non-nmethods': size=5696Kb used=2188Kb max_used=2222Kb free=3507Kb
 bounds [0x0000015453790000, 0x0000015453a00000, 0x0000015453d20000]
 total_blobs=4855 nmethods=2896 adapters=648
 compilation: enabled
              stopped_count=0, restarted_count=0
 full_count=0

Compilation events (20 events):
Event: 9.225 Thread 0x0000015466f09000 3080       3       org.codehaus.groovy.runtime.metaclass.MetaMethodIndex::resize (103 bytes)
Event: 9.225 Thread 0x0000015466f09000 nmethod 3080 0x000001545432ee10 code [0x000001545432f000, 0x000001545432f5f8]
Event: 9.239 Thread 0x0000015466f09000 3082       3       sun.reflect.generics.repository.GenericDeclRepository::getTypeParameters (27 bytes)
Event: 9.240 Thread 0x0000015466f09000 nmethod 3082 0x000001545432f810 code [0x000001545432fa00, 0x000001545432fe00]
Event: 9.242 Thread 0x0000015466f09000 3083       3       java.util.TimSort::binarySort (223 bytes)
Event: 9.243 Thread 0x0000015466f09000 nmethod 3083 0x000001545432ff10 code [0x0000015454330140, 0x0000015454330c60]
Event: 9.246 Thread 0x0000015466f09000 3084       3       sun.reflect.generics.parser.SignatureParser::parseTypeArgument (133 bytes)
Event: 9.247 Thread 0x0000015466f09000 nmethod 3084 0x0000015454330f90 code [0x0000015454331300, 0x0000015454332e70]
Event: 9.247 Thread 0x0000015466f09000 3086       3       sun.reflect.generics.reflectiveObjects.ParameterizedTypeImpl::getActualTypeArguments (11 bytes)
Event: 9.247 Thread 0x0000015466f09000 nmethod 3086 0x0000015454333510 code [0x00000154543336e0, 0x0000015454333a10]
Event: 9.247 Thread 0x0000015466f09000 3085       1       sun.reflect.generics.reflectiveObjects.LazyReflectiveObjectGenerator::getFactory (5 bytes)
Event: 9.247 Thread 0x0000015466f09000 nmethod 3085 0x000001545b3b0c10 code [0x000001545b3b0dc0, 0x000001545b3b0ed8]
Event: 9.248 Thread 0x0000015466f09000 3087       3       sun.reflect.generics.parser.SignatureParser::parseMethodTypeSignature (41 bytes)
Event: 9.249 Thread 0x0000015466f09000 nmethod 3087 0x0000015454333b10 code [0x0000015454333d80, 0x00000154543345d0]
Event: 9.249 Thread 0x0000015466f09000 3088       3       java.util.HashMap::afterNodeAccess (1 bytes)
Event: 9.249 Thread 0x0000015466f09000 nmethod 3088 0x0000015454334890 code [0x0000015454334a40, 0x0000015454334b98]
Event: 9.250 Thread 0x0000015466f09000 3090       1       sun.reflect.generics.tree.TypeVariableSignature::getIdentifier (5 bytes)
Event: 9.250 Thread 0x0000015466f09000 nmethod 3090 0x000001545b3b1490 code [0x000001545b3b1640, 0x000001545b3b1758]
Event: 9.250 Thread 0x0000015466f09000 3091       1       sun.reflect.generics.factory.CoreReflectionFactory::getScope (5 bytes)
Event: 9.250 Thread 0x0000015466f09000 nmethod 3091 0x000001545b3b1810 code [0x000001545b3b19c0, 0x000001545b3b1ad8]

GC Heap History (14 events):
Event: 0.743 GC heap before
{Heap before GC invocations=0 (full 0):
 garbage-first heap   total 129024K, used 16384K [0x00000000e0000000, 0x0000000100000000)
  region size 1024K, 14 young (14336K), 0 survivors (0K)
 Metaspace       used 9603K, capacity 9795K, committed 10112K, reserved 264192K
  class space    used 977K, capacity 1029K, committed 1152K, reserved 253952K
}
Event: 0.748 GC heap after
{Heap after GC invocations=1 (full 0):
 garbage-first heap   total 129024K, used 7274K [0x00000000e0000000, 0x0000000100000000)
  region size 1024K, 2 young (2048K), 2 survivors (2048K)
 Metaspace       used 9603K, capacity 9795K, committed 10112K, reserved 264192K
  class space    used 977K, capacity 1029K, committed 1152K, reserved 253952K
}
Event: 0.996 GC heap before
{Heap before GC invocations=1 (full 0):
 garbage-first heap   total 129024K, used 15466K [0x00000000e0000000, 0x0000000100000000)
  region size 1024K, 10 young (10240K), 2 survivors (2048K)
 Metaspace       used 10669K, capacity 10873K, committed 11008K, reserved 264192K
  class space    used 1125K, capacity 1196K, committed 1280K, reserved 253952K
}
Event: 1.000 GC heap after
{Heap after GC invocations=2 (full 0):
 garbage-first heap   total 129024K, used 7654K [0x00000000e0000000, 0x0000000100000000)
  region size 1024K, 1 young (1024K), 1 survivors (1024K)
 Metaspace       used 10669K, capacity 10873K, committed 11008K, reserved 264192K
  class space    used 1125K, capacity 1196K, committed 1280K, reserved 253952K
}
Event: 1.523 GC heap before
{Heap before GC invocations=2 (full 0):
 garbage-first heap   total 129024K, used 33254K [0x00000000e0000000, 0x0000000100000000)
  region size 1024K, 27 young (27648K), 1 survivors (1024K)
 Metaspace       used 11195K, capacity 11506K, committed 11648K, reserved 264192K
  class space    used 1208K, capacity 1300K, committed 1408K, reserved 253952K
}
Event: 1.527 GC heap after
{Heap after GC invocations=3 (full 0):
 garbage-first heap   total 129024K, used 12004K [0x00000000e0000000, 0x0000000100000000)
  region size 1024K, 4 young (4096K), 4 survivors (4096K)
 Metaspace       used 11195K, capacity 11506K, committed 11648K, reserved 264192K
  class space    used 1208K, capacity 1300K, committed 1408K, reserved 253952K
}
Event: 4.454 GC heap before
{Heap before GC invocations=3 (full 0):
 garbage-first heap   total 129024K, used 57060K [0x00000000e0000000, 0x0000000100000000)
  region size 1024K, 49 young (50176K), 4 survivors (4096K)
 Metaspace       used 20330K, capacity 20793K, committed 20992K, reserved 272384K
  class space    used 2562K, capacity 2721K, committed 2816K, reserved 253952K
}
Event: 4.461 GC heap after
{Heap after GC invocations=4 (full 0):
 garbage-first heap   total 129024K, used 15028K [0x00000000e0000000, 0x0000000100000000)
  region size 1024K, 7 young (7168K), 7 survivors (7168K)
 Metaspace       used 20330K, capacity 20793K, committed 20992K, reserved 272384K
  class space    used 2562K, capacity 2721K, committed 2816K, reserved 253952K
}
Event: 4.515 GC heap before
{Heap before GC invocations=4 (full 0):
 garbage-first heap   total 129024K, used 17076K [0x00000000e0000000, 0x0000000100000000)
  region size 1024K, 10 young (10240K), 7 survivors (7168K)
 Metaspace       used 20681K, capacity 21177K, committed 21248K, reserved 272384K
  class space    used 2611K, capacity 2785K, committed 2816K, reserved 253952K
}
Event: 4.524 GC heap after
{Heap after GC invocations=5 (full 0):
 garbage-first heap   total 129024K, used 15265K [0x00000000e0000000, 0x0000000100000000)
  region size 1024K, 4 young (4096K), 4 survivors (4096K)
 Metaspace       used 20681K, capacity 21177K, committed 21248K, reserved 272384K
  class space    used 2611K, capacity 2785K, committed 2816K, reserved 253952K
}
Event: 7.211 GC heap before
{Heap before GC invocations=6 (full 0):
 garbage-first heap   total 129024K, used 73633K [0x00000000e0000000, 0x0000000100000000)
  region size 1024K, 53 young (54272K), 4 survivors (4096K)
 Metaspace       used 30160K, capacity 30787K, committed 30976K, reserved 282624K
  class space    used 3825K, capacity 4054K, committed 4096K, reserved 253952K
}
Event: 7.221 GC heap after
{Heap after GC invocations=7 (full 0):
 garbage-first heap   total 129024K, used 29421K [0x00000000e0000000, 0x0000000100000000)
  region size 1024K, 7 young (7168K), 7 survivors (7168K)
 Metaspace       used 30160K, capacity 30787K, committed 30976K, reserved 282624K
  class space    used 3825K, capacity 4054K, committed 4096K, reserved 253952K
}
Event: 8.273 GC heap before
{Heap before GC invocations=7 (full 0):
 garbage-first heap   total 129024K, used 72429K [0x00000000e0000000, 0x0000000100000000)
  region size 1024K, 48 young (49152K), 7 survivors (7168K)
 Metaspace       used 35114K, capacity 35784K, committed 35840K, reserved 286720K
  class space    used 4470K, capacity 4714K, committed 4736K, reserved 253952K
}
Event: 8.287 GC heap after
{Heap after GC invocations=8 (full 0):
 garbage-first heap   total 129024K, used 31149K [0x00000000e0000000, 0x0000000100000000)
  region size 1024K, 2 young (2048K), 2 survivors (2048K)
 Metaspace       used 35114K, capacity 35784K, committed 35840K, reserved 286720K
  class space    used 4470K, capacity 4714K, committed 4736K, reserved 253952K
}

Deoptimization events (20 events):
Event: 8.682 Thread 0x0000015468779000 Uncommon trap: trap_request=0xffffffbe fr.pc=0x000001545b3920b0 relative=0x0000000000000250
Event: 8.682 Thread 0x0000015468779000 Uncommon trap: reason=profile_predicate action=maybe_recompile pc=0x000001545b3920b0 method=java.util.regex.Pattern$BnM.optimize(Ljava/util/regex/Pattern$Node;)Ljava/util/regex/Pattern$Node; @ 67 c2
Event: 8.682 Thread 0x0000015468779000 DEOPT PACKING pc=0x000001545b3920b0 sp=0x0000003eb40fa5e0
Event: 8.682 Thread 0x0000015468779000 DEOPT UNPACKING pc=0x00000154537b8f2f sp=0x0000003eb40fa580 mode 2
Event: 8.682 Thread 0x0000015468779000 Uncommon trap: trap_request=0xffffffbe fr.pc=0x000001545b3920b0 relative=0x0000000000000250
Event: 8.682 Thread 0x0000015468779000 Uncommon trap: reason=profile_predicate action=maybe_recompile pc=0x000001545b3920b0 method=java.util.regex.Pattern$BnM.optimize(Ljava/util/regex/Pattern$Node;)Ljava/util/regex/Pattern$Node; @ 67 c2
Event: 8.682 Thread 0x0000015468779000 DEOPT PACKING pc=0x000001545b3920b0 sp=0x0000003eb40fa7b0
Event: 8.682 Thread 0x0000015468779000 DEOPT UNPACKING pc=0x00000154537b8f2f sp=0x0000003eb40fa750 mode 2
Event: 8.712 Thread 0x0000015468779000 DEOPT PACKING pc=0x0000015453f75e97 sp=0x0000003eb40f5460
Event: 8.712 Thread 0x0000015468779000 DEOPT UNPACKING pc=0x00000154537b8d4e sp=0x0000003eb40f49e8 mode 0
Event: 9.023 Thread 0x0000015468779000 DEOPT PACKING pc=0x000001545406e91b sp=0x0000003eb40f8a10
Event: 9.023 Thread 0x0000015468779000 DEOPT UNPACKING pc=0x00000154537b8d4e sp=0x0000003eb40f7f50 mode 0
Event: 9.048 Thread 0x0000015468779000 Uncommon trap: trap_request=0xffffff4d fr.pc=0x000001545b3a5e4c relative=0x0000000000004c6c
Event: 9.048 Thread 0x0000015468779000 Uncommon trap: reason=unstable_if action=reinterpret pc=0x000001545b3a5e4c method=org.codehaus.groovy.runtime.metaclass.MetaMethodIndex.addMethodToList(Ljava/lang/Object;Lgroovy/lang/MetaMethod;)Ljava/lang/Object; @ 226 c2
Event: 9.048 Thread 0x0000015468779000 DEOPT PACKING pc=0x000001545b3a5e4c sp=0x0000003eb40f98a0
Event: 9.048 Thread 0x0000015468779000 DEOPT UNPACKING pc=0x00000154537b8f2f sp=0x0000003eb40f98c0 mode 2
Event: 9.146 Thread 0x0000015468779000 Uncommon trap: trap_request=0xffffffcc fr.pc=0x000001545b3ab870 relative=0x00000000000011d0
Event: 9.147 Thread 0x0000015468779000 Uncommon trap: reason=intrinsic_or_type_checked_inlining action=make_not_entrant pc=0x000001545b3ab870 method=java.util.ArrayList.toArray([Ljava/lang/Object;)[Ljava/lang/Object; @ 36 c2
Event: 9.147 Thread 0x0000015468779000 DEOPT PACKING pc=0x000001545b3ab870 sp=0x0000003eb40f8fa0
Event: 9.147 Thread 0x0000015468779000 DEOPT UNPACKING pc=0x00000154537b8f2f sp=0x0000003eb40f8f00 mode 2

Classes redefined (0 events):
No events

Internal exceptions (20 events):
Event: 9.153 Thread 0x0000015468779000 Exception <a 'java/lang/ClassNotFoundException'{0x00000000e5ebbb30}: org/gradle/initialization/SettingsScriptCustomizer> (0x00000000e5ebbb30) thrown at [c:/BuildAgent/work/5ff2f6c26000d570/src/hotspot/share/classfile/systemDictionary.cpp, line 231]
Event: 9.154 Thread 0x0000015468779000 Exception <a 'java/lang/ClassNotFoundException'{0x00000000e5ecaf28}: settings_83yvwlhnelhy14vhai12wysrwCustomizer> (0x00000000e5ecaf28) thrown at [c:/BuildAgent/work/5ff2f6c26000d570/src/hotspot/share/classfile/systemDictionary.cpp, line 231]
Event: 9.174 Thread 0x0000015468779000 Exception <a 'java/lang/ClassNotFoundException'{0x00000000e5d457c0}: org/gradle/initialization/DefaultSettings_DecoratedBeanInfo> (0x00000000e5d457c0) thrown at [c:/BuildAgent/work/5ff2f6c26000d570/src/hotspot/share/classfile/systemDictionary.cpp, line 23
Event: 9.176 Thread 0x0000015468779000 Exception <a 'java/lang/ClassNotFoundException'{0x00000000e5d5d100}: org/gradle/initialization/DefaultSettingsBeanInfo> (0x00000000e5d5d100) thrown at [c:/BuildAgent/work/5ff2f6c26000d570/src/hotspot/share/classfile/systemDictionary.cpp, line 231]
Event: 9.177 Thread 0x0000015468779000 Exception <a 'java/lang/ClassNotFoundException'{0x00000000e5d75680}: org/gradle/initialization/DefaultSettingsCustomizer> (0x00000000e5d75680) thrown at [c:/BuildAgent/work/5ff2f6c26000d570/src/hotspot/share/classfile/systemDictionary.cpp, line 231]
Event: 9.182 Thread 0x0000015468779000 Exception <a 'java/lang/ClassNotFoundException'{0x00000000e5db9090}: org/gradle/initialization/DefaultSettings_DecoratedCustomizer> (0x00000000e5db9090) thrown at [c:/BuildAgent/work/5ff2f6c26000d570/src/hotspot/share/classfile/systemDictionary.cpp, line 
Event: 9.209 Thread 0x0000015468779000 Exception <a 'java/lang/ClassNotFoundException'{0x00000000e5c8a9f8}: org/gradle/plugin/management/internal/DefaultPluginManagementSpec_DecoratedBeanInfo> (0x00000000e5c8a9f8) thrown at [c:/BuildAgent/work/5ff2f6c26000d570/src/hotspot/share/classfile/syste
Event: 9.210 Thread 0x0000015468779000 Exception <a 'java/lang/ClassNotFoundException'{0x00000000e5cb1c50}: org/gradle/plugin/management/internal/DefaultPluginManagementSpecBeanInfo> (0x00000000e5cb1c50) thrown at [c:/BuildAgent/work/5ff2f6c26000d570/src/hotspot/share/classfile/systemDictionar
Event: 9.211 Thread 0x0000015468779000 Exception <a 'java/lang/ClassNotFoundException'{0x00000000e5cdad40}: org/gradle/plugin/management/internal/DefaultPluginManagementSpecCustomizer> (0x00000000e5cdad40) thrown at [c:/BuildAgent/work/5ff2f6c26000d570/src/hotspot/share/classfile/systemDiction
Event: 9.213 Thread 0x0000015468779000 Exception <a 'java/lang/ClassNotFoundException'{0x00000000e5b0bf70}: org/gradle/plugin/management/internal/DefaultPluginManagementSpec_DecoratedCustomizer> (0x00000000e5b0bf70) thrown at [c:/BuildAgent/work/5ff2f6c26000d570/src/hotspot/share/classfile/sys
Event: 9.233 Thread 0x0000015468779000 Exception <a 'java/lang/ClassNotFoundException'{0x00000000e58d0fd0}: org/gradle/api/internal/artifacts/dsl/DefaultRepositoryHandler_DecoratedBeanInfo> (0x00000000e58d0fd0) thrown at [c:/BuildAgent/work/5ff2f6c26000d570/src/hotspot/share/classfile/systemDi
Event: 9.234 Thread 0x0000015468779000 Exception <a 'java/lang/ClassNotFoundException'{0x00000000e58fa3c8}: org/gradle/api/internal/artifacts/dsl/DefaultRepositoryHandlerBeanInfo> (0x00000000e58fa3c8) thrown at [c:/BuildAgent/work/5ff2f6c26000d570/src/hotspot/share/classfile/systemDictionary.c
Event: 9.235 Thread 0x0000015468779000 Exception <a 'java/lang/ClassNotFoundException'{0x00000000e5725c18}: org/gradle/api/internal/artifacts/DefaultArtifactRepositoryContainerBeanInfo> (0x00000000e5725c18) thrown at [c:/BuildAgent/work/5ff2f6c26000d570/src/hotspot/share/classfile/systemDictio
Event: 9.236 Thread 0x0000015468779000 Exception <a 'java/lang/ClassNotFoundException'{0x00000000e5743ed0}: org/gradle/api/internal/DefaultNamedDomainObjectListBeanInfo> (0x00000000e5743ed0) thrown at [c:/BuildAgent/work/5ff2f6c26000d570/src/hotspot/share/classfile/systemDictionary.cpp, line 2
Event: 9.237 Thread 0x0000015468779000 Exception <a 'java/lang/ClassNotFoundException'{0x00000000e5762cb0}: org/gradle/api/internal/DefaultNamedDomainObjectCollectionBeanInfo> (0x00000000e5762cb0) thrown at [c:/BuildAgent/work/5ff2f6c26000d570/src/hotspot/share/classfile/systemDictionary.cpp, 
Event: 9.238 Thread 0x0000015468779000 Exception <a 'java/lang/ClassNotFoundException'{0x00000000e57816e0}: org/gradle/api/internal/DefaultDomainObjectCollectionBeanInfo> (0x00000000e57816e0) thrown at [c:/BuildAgent/work/5ff2f6c26000d570/src/hotspot/share/classfile/systemDictionary.cpp, line 
Event: 9.239 Thread 0x0000015468779000 Exception <a 'java/lang/ClassNotFoundException'{0x00000000e5787120}: java/util/AbstractCollectionBeanInfo> (0x00000000e5787120) thrown at [c:/BuildAgent/work/5ff2f6c26000d570/src/hotspot/share/classfile/systemDictionary.cpp, line 231]
Event: 9.239 Thread 0x0000015468779000 Exception <a 'java/lang/ClassNotFoundException'{0x00000000e578cb30}: java/util/AbstractCollectionCustomizer> (0x00000000e578cb30) thrown at [c:/BuildAgent/work/5ff2f6c26000d570/src/hotspot/share/classfile/systemDictionary.cpp, line 231]
Event: 9.241 Thread 0x0000015468779000 Exception <a 'java/lang/ClassNotFoundException'{0x00000000e57b4378}: org/gradle/api/internal/DefaultDomainObjectCollectionCustomizer> (0x00000000e57b4378) thrown at [c:/BuildAgent/work/5ff2f6c26000d570/src/hotspot/share/classfile/systemDictionary.cpp, lin
Event: 9.247 Thread 0x0000015468779000 Exception <a 'java/lang/ClassNotFoundException'{0x00000000e57f1e40}: org/gradle/api/internal/DefaultNamedDomainObjectCollectionCustomizer> (0x00000000e57f1e40) thrown at [c:/BuildAgent/work/5ff2f6c26000d570/src/hotspot/share/classfile/systemDictionary.cpp

Events (20 events):
Event: 9.240 loading class org/gradle/api/internal/DefaultDomainObjectCollectionCustomizer
Event: 9.240 loading class org/gradle/api/internal/DefaultDomainObjectCollectionCustomizer done
Event: 9.240 loading class org/gradle/api/internal/DefaultDomainObjectCollectionCustomizer
Event: 9.240 loading class org/gradle/api/internal/DefaultDomainObjectCollectionCustomizer done
Event: 9.241 loading class org/gradle/api/internal/DefaultDomainObjectCollectionCustomizer
Event: 9.241 loading class org/gradle/api/internal/DefaultDomainObjectCollectionCustomizer done
Event: 9.241 loading class org/gradle/api/internal/DefaultDomainObjectCollectionCustomizer
Event: 9.241 loading class org/gradle/api/internal/DefaultDomainObjectCollectionCustomizer done
Event: 9.247 loading class org/gradle/api/internal/DefaultNamedDomainObjectCollectionCustomizer
Event: 9.247 loading class org/gradle/api/internal/DefaultNamedDomainObjectCollectionCustomizer done
Event: 9.247 loading class org/gradle/api/internal/DefaultNamedDomainObjectCollectionCustomizer
Event: 9.247 loading class org/gradle/api/internal/DefaultNamedDomainObjectCollectionCustomizer done
Event: 9.247 loading class org/gradle/api/internal/DefaultNamedDomainObjectCollectionCustomizer
Event: 9.247 loading class org/gradle/api/internal/DefaultNamedDomainObjectCollectionCustomizer done
Event: 9.247 loading class org/gradle/api/internal/DefaultNamedDomainObjectCollectionCustomizer
Event: 9.247 loading class org/gradle/api/internal/DefaultNamedDomainObjectCollectionCustomizer done
Event: 9.250 loading class org/gradle/api/internal/DefaultNamedDomainObjectCollection$AbstractDomainObjectCreatingProvider
Event: 9.250 loading class org/gradle/api/internal/DefaultNamedDomainObjectCollection$AbstractDomainObjectCreatingProvider done
Event: 9.258 loading class org/gradle/api/internal/DefaultNamedDomainObjectCollection$AbstractNamedDomainObjectProvider
Event: 9.258 loading class org/gradle/api/internal/DefaultNamedDomainObjectCollection$AbstractNamedDomainObjectProvider done


Dynamic libraries:
0x00007ff7ee3c0000 - 0x00007ff7ee3ca000 	C:\Program Files\JetBrains\IntelliJ IDEA 2019.2.2\jbr\bin\java.exe
0x00007ffa94d80000 - 0x00007ffa94f70000 	C:\WINDOWS\SYSTEM32\ntdll.dll
0x00007ffa92f50000 - 0x00007ffa93002000 	C:\WINDOWS\System32\KERNEL32.DLL
0x00007ffa928b0000 - 0x00007ffa92b53000 	C:\WINDOWS\System32\KERNELBASE.dll
0x00007ffa92b60000 - 0x00007ffa92c5a000 	C:\WINDOWS\System32\ucrtbase.dll
0x00007ffa8c700000 - 0x00007ffa8c717000 	C:\Program Files\JetBrains\IntelliJ IDEA 2019.2.2\jbr\bin\VCRUNTIME140.dll
0x00007ffa8c720000 - 0x00007ffa8c739000 	C:\Program Files\JetBrains\IntelliJ IDEA 2019.2.2\jbr\bin\jli.dll
0x00007ffa93e70000 - 0x00007ffa94004000 	C:\WINDOWS\System32\USER32.dll
0x00007ffa92dd0000 - 0x00007ffa92df1000 	C:\WINDOWS\System32\win32u.dll
0x00007ffa7eef0000 - 0x00007ffa7f175000 	C:\WINDOWS\WinSxS\amd64_microsoft.windows.common-controls_6595b64144ccf1df_6.0.18362.720_none_e6beb5c51314836b\COMCTL32.dll
0x00007ffa948d0000 - 0x00007ffa948f6000 	C:\WINDOWS\System32\GDI32.dll
0x00007ffa94830000 - 0x00007ffa948ce000 	C:\WINDOWS\System32\msvcrt.dll
0x00007ffa91ce0000 - 0x00007ffa91e74000 	C:\WINDOWS\System32\gdi32full.dll
0x00007ffa92c90000 - 0x00007ffa92d2e000 	C:\WINDOWS\System32\msvcp_win.dll
0x00007ffa94010000 - 0x00007ffa94346000 	C:\WINDOWS\System32\combase.dll
0x00007ffa93a20000 - 0x00007ffa93b40000 	C:\WINDOWS\System32\RPCRT4.dll
0x00007ffa92d30000 - 0x00007ffa92db0000 	C:\WINDOWS\System32\bcryptPrimitives.dll
0x00007ffa93bf0000 - 0x00007ffa93c1e000 	C:\WINDOWS\System32\IMM32.DLL
0x00007ffa77ba0000 - 0x00007ffa77c3d000 	C:\Program Files\JetBrains\IntelliJ IDEA 2019.2.2\jbr\bin\msvcp140.dll
0x00007ffa58e90000 - 0x00007ffa5994d000 	C:\Program Files\JetBrains\IntelliJ IDEA 2019.2.2\jbr\bin\server\jvm.dll
0x00007ffa94900000 - 0x00007ffa949a3000 	C:\WINDOWS\System32\ADVAPI32.dll
0x00007ffa93c40000 - 0x00007ffa93cd7000 	C:\WINDOWS\System32\sechost.dll
0x00007ffa93010000 - 0x00007ffa93018000 	C:\WINDOWS\System32\PSAPI.DLL
0x00007ffa7cd40000 - 0x00007ffa7cd49000 	C:\WINDOWS\SYSTEM32\WSOCK32.dll
0x00007ffa8c2d0000 - 0x00007ffa8c2f4000 	C:\WINDOWS\SYSTEM32\WINMM.dll
0x00007ffa947c0000 - 0x00007ffa9482f000 	C:\WINDOWS\System32\WS2_32.dll
0x00007ffa881c0000 - 0x00007ffa881ca000 	C:\WINDOWS\SYSTEM32\VERSION.dll
0x00007ffa8c2a0000 - 0x00007ffa8c2cd000 	C:\WINDOWS\SYSTEM32\winmmbase.dll
0x00007ffa92860000 - 0x00007ffa928aa000 	C:\WINDOWS\System32\cfgmgr32.dll
0x00007ffa91c20000 - 0x00007ffa91c31000 	C:\WINDOWS\System32\kernel.appcore.dll
0x00007ffa8eed0000 - 0x00007ffa8eee1000 	C:\Program Files\JetBrains\IntelliJ IDEA 2019.2.2\jbr\bin\verify.dll
0x00007ffa904d0000 - 0x00007ffa906c4000 	C:\WINDOWS\SYSTEM32\DBGHELP.DLL
0x00007ffa884a0000 - 0x00007ffa884ca000 	C:\WINDOWS\SYSTEM32\dbgcore.DLL
0x00007ffa8c920000 - 0x00007ffa8c949000 	C:\Program Files\JetBrains\IntelliJ IDEA 2019.2.2\jbr\bin\java.dll
0x00007ffa8ecb0000 - 0x00007ffa8ecc8000 	C:\Program Files\JetBrains\IntelliJ IDEA 2019.2.2\jbr\bin\zip.dll
0x00007ffa8eff0000 - 0x00007ffa8effb000 	C:\Program Files\JetBrains\IntelliJ IDEA 2019.2.2\jbr\bin\jimage.dll
0x00007ffa93330000 - 0x00007ffa93a15000 	C:\WINDOWS\System32\SHELL32.dll
0x00007ffa93b40000 - 0x00007ffa93be9000 	C:\WINDOWS\System32\shcore.dll
0x00007ffa91e80000 - 0x00007ffa92600000 	C:\WINDOWS\System32\windows.storage.dll
0x00007ffa91c40000 - 0x00007ffa91c63000 	C:\WINDOWS\System32\profapi.dll
0x00007ffa91c70000 - 0x00007ffa91cba000 	C:\WINDOWS\System32\powrprof.dll
0x00007ffa91c10000 - 0x00007ffa91c20000 	C:\WINDOWS\System32\UMPDC.dll
0x00007ffa93ce0000 - 0x00007ffa93d32000 	C:\WINDOWS\System32\shlwapi.dll
0x00007ffa92db0000 - 0x00007ffa92dc7000 	C:\WINDOWS\System32\cryptsp.dll
0x00007ffa8ec80000 - 0x00007ffa8ec9a000 	C:\Program Files\JetBrains\IntelliJ IDEA 2019.2.2\jbr\bin\net.dll
0x00007ffa888e0000 - 0x00007ffa889d1000 	C:\WINDOWS\SYSTEM32\WINHTTP.dll
0x00007ffa91480000 - 0x00007ffa914e7000 	C:\WINDOWS\system32\mswsock.dll
0x00007ffa8dcd0000 - 0x00007ffa8dce4000 	C:\Program Files\JetBrains\IntelliJ IDEA 2019.2.2\jbr\bin\nio.dll
0x00007ffa8a360000 - 0x00007ffa8a386000 	C:\Users\Arsenij\.gradle\native\28\windows-amd64\native-platform.dll
0x00007ffa8edd0000 - 0x00007ffa8edda000 	C:\Program Files\JetBrains\IntelliJ IDEA 2019.2.2\jbr\bin\management.dll
0x00007ffa8ed90000 - 0x00007ffa8ed9c000 	C:\Program Files\JetBrains\IntelliJ IDEA 2019.2.2\jbr\bin\management_ext.dll
0x00007ffa90ff0000 - 0x00007ffa91023000 	C:\WINDOWS\system32\rsaenh.dll
0x00007ffa92c60000 - 0x00007ffa92c86000 	C:\WINDOWS\System32\bcrypt.dll
0x00007ffa91b30000 - 0x00007ffa91b55000 	C:\WINDOWS\SYSTEM32\USERENV.dll
0x00007ffa91650000 - 0x00007ffa9165c000 	C:\WINDOWS\SYSTEM32\CRYPTBASE.dll
0x00007ffa91190000 - 0x00007ffa911ca000 	C:\WINDOWS\SYSTEM32\IPHLPAPI.DLL
0x00007ffa94bd0000 - 0x00007ffa94bd8000 	C:\WINDOWS\System32\NSI.dll
0x00007ffa8b350000 - 0x00007ffa8b366000 	C:\WINDOWS\SYSTEM32\dhcpcsvc6.DLL
0x00007ffa8b330000 - 0x00007ffa8b34c000 	C:\WINDOWS\SYSTEM32\dhcpcsvc.DLL
0x00007ffa911d0000 - 0x00007ffa9129a000 	C:\WINDOWS\SYSTEM32\DNSAPI.dll

dbghelp: loaded successfully - version: 4.0.5 - missing functions: none
symbol engine: initialized successfully - sym options: 0x614 - pdb path: .;C:\Program Files\JetBrains\IntelliJ IDEA 2019.2.2\jbr\bin;C:\WINDOWS\SYSTEM32;C:\WINDOWS\WinSxS\amd64_microsoft.windows.common-controls_6595b64144ccf1df_6.0.18362.720_none_e6beb5c51314836b;C:\Program Files\JetBrains\IntelliJ IDEA 2019.2.2\jbr\bin\server;C:\Users\Arsenij\.gradle\native\28\windows-amd64

VM Arguments:
jvm_args: -XX:MaxMetaspaceSize=256m -XX:+HeapDumpOnOutOfMemoryError --add-opens=java.base/java.util=ALL-UNNAMED --add-opens=java.base/java.lang=ALL-UNNAMED --add-opens=java.base/java.lang.invoke=ALL-UNNAMED --add-opens=java.prefs/java.util.prefs=ALL-UNNAMED -Xmx512m -Dfile.encoding=windows-1257 -Duser.country=GB -Duser.language=en -Duser.variant 
java_command: org.gradle.launcher.daemon.bootstrap.GradleDaemon 5.2.1
java_class_path (initial): C:\Users\Arsenij\.gradle\wrapper\dists\gradle-5.2.1-all\bviwmvmbexq6idcscbicws5me\gradle-5.2.1\lib\gradle-launcher-5.2.1.jar
Launcher Type: SUN_STANDARD

[Global flags]
     intx CICompilerCount                          = 3                                         {product} {ergonomic}
   size_t CompressedClassSpaceSize                 = 260046848                                 {product} {ergonomic}
     uint ConcGCThreads                            = 1                                         {product} {ergonomic}
     uint G1ConcRefinementThreads                  = 4                                         {product} {ergonomic}
   size_t G1HeapRegionSize                         = 1048576                                   {product} {ergonomic}
    uintx GCDrainStackTargetSize                   = 64                                        {product} {ergonomic}
     bool HeapDumpOnOutOfMemoryError               = true                                   {manageable} {command line}
   size_t InitialHeapSize                          = 132120576                                 {product} {ergonomic}
   size_t MarkStackSize                            = 4194304                                   {product} {ergonomic}
   size_t MaxHeapSize                              = 536870912                                 {product} {command line}
   size_t MaxMetaspaceSize                         = 268435456                                 {product} {command line}
   size_t MaxNewSize                               = 321912832                                 {product} {ergonomic}
   size_t MinHeapDeltaBytes                        = 1048576                                   {product} {ergonomic}
    uintx NonNMethodCodeHeapSize                   = 5830732                                {pd product} {ergonomic}
    uintx NonProfiledCodeHeapSize                  = 122913754                              {pd product} {ergonomic}
    uintx ProfiledCodeHeapSize                     = 122913754                              {pd product} {ergonomic}
    uintx ReservedCodeCacheSize                    = 251658240                              {pd product} {ergonomic}
     bool SegmentedCodeCache                       = true                                      {product} {ergonomic}
     bool UseCompressedClassPointers               = true                                 {lp64_product} {ergonomic}
     bool UseCompressedOops                        = true                                 {lp64_product} {ergonomic}
     bool UseG1GC                                  = true                                      {product} {ergonomic}
     bool UseLargePagesIndividualAllocation        = false                                  {pd product} {ergonomic}

Logging:
Log output configuration:
 #0: stdout all=warning uptime,level,tags
 #1: stderr all=off uptime,level,tags

Environment Variables:
JAVA_HOME=C:\Program Files\Java\jdk-13.0.1
PATH=C:\Program Files (x86)\Common Files\Oracle\Java\javapath;C:\ProgramData\Oracle\Java\javapath;C:\WINDOWS\system32;C:\WINDOWS;C:\WINDOWS\System32\Wbem;C:\WINDOWS\System32\WindowsPowerShell\v1.0\;C:\Program Files\dotnet\;C:\Program Files\Microsoft SQL Server\130\Tools\Binn\;C:\WINDOWS\System32\OpenSSH\;D:\MATLAB\bin;C:\Program Files (x86)\Windows Kits\8.1\Windows Performance Toolkit\;C:\Program Files\Git\cmd;C:\Program Files\nodejs\;C:\Program Files\PuTTY\;C:\Users\Arsenij\AppData\Local\Programs\Python\Python37-32\Scripts\;C:\Users\Arsenij\AppData\Local\Programs\Python\Python37-32\;C:\Users\Arsenij\AppData\Local\Microsoft\WindowsApps;;C:\Program Files\JetBrains\IntelliJ IDEA 2019.2.2\bin;;C:\Users\Arsenij\AppData\Roaming\npm
USERNAME=Arsenij
OS=Windows_NT
PROCESSOR_IDENTIFIER=Intel64 Family 6 Model 142 Stepping 9, GenuineIntel



---------------  S Y S T E M  ---------------

OS: Windows 10 , 64 bit Build 18362 (10.0.18362.329)

CPU:total 4 (initial active 4) (2 cores per cpu, 2 threads per core) family 6 model 142 stepping 9, cmov, cx8, fxsr, mmx, sse, sse2, sse3, ssse3, sse4.1, sse4.2, popcnt, avx, avx2, aes, clmul, erms, 3dnowpref, lzcnt, ht, tsc, tscinvbit, bmi1, bmi2, adx, fma

Memory: 4k page, system-wide physical 7988M (625M free)
TotalPageFile size 12084M (AvailPageFile size 7M)
current process WorkingSet (physical memory assigned to process): 229M, peak: 232M
current process commit charge ("private bytes"): 293M, peak: 297M

vm_info: OpenJDK 64-Bit Server VM (11.0.6+8-b520.43) for windows-amd64 JRE (11.0.6+8-b520.43), built on Feb  3 2020 14:18:56 by "" with MS VC++ 14.0 (VS2015)

END.
